[run_organiser] scanning C:\Raghu\MyLearnings\EAG_V3\S8-30052026\assignment\FileOrganiser_DAG\demo_messy_drive ...
[run_organiser] 19 files, 4 sensitive, 2 dup groups — handing to DAG


══════════════════════════════════════════════════════════════════════════════
session s8-465e6637  ─  query: Analyse and organise this folder. Diagnose how well it is currently organised, classify each non-sensitive file batch (documents, photos, receipts) in parallel, flag any private/financial files from metadata only (never read their content), compute duplicate files and reclaimable space, and produce a phase-1 report with minimal/medium/best effort plans.

SCAN_RESULT:
{
  "root": "C:\\Raghu\\MyLearnings\\EAG_V3\\S8-30052026\\assignment\\FileOrganiser_DAG\\demo_messy_drive",
  "scanned_at": "2026-06-04 10:53:13",
  "scan_seconds": 0.014,
  "tier0_file_count": 19,
  "files": [
    {
      "name": "Form16_FY2025.txt",
      "ext": ".txt",
      "size_bytes": 19,
      "path": "Documents\\Form16_FY2025.txt",
      "modified": "2026-05-31",
      "sensitive_candidate": true
    },
    {
      "name": "HDFC_statement_Jan2026.txt",
      "ext": ".txt",
      "size_bytes": 49,
      "path": "Documents\\HDFC_statement_Jan2026.txt",
      "modified": "2026-05-31",
      "sensitive_candidate": true
    },
    {
      "name": "PAN_card.txt",
      "ext": ".txt",
      "size_bytes": 14,
      "path": "Documents\\PAN_card.txt",
      "modified": "2026-05-31",
      "sensitive_candidate": true
    },
    {
      "name": "salary_slip_april2026.txt",
      "ext": ".txt",
      "size_bytes": 33,
      "path": "Documents\\salary_slip_april2026.txt",
      "modified": "2026-05-31",
      "sensitive_candidate": true
    },
    {
      "name": "amazon_order_4471.txt",
      "ext": ".txt",
      "size_bytes": 61,
      "path": "Downloads\\amazon_order_4471.txt",
      "modified": "2026-05-31",
      "preview": "AMAZON TAX INVOICE Order 4471 USB cable GST 18% Total Rs 499"
    },
    {
      "name": "electricity_bill_jan.txt",
      "ext": ".txt",
      "size_bytes": 52,
      "path": "Downloads\\electricity_bill_jan.txt",
      "modified": "2026-05-31",
      "preview": "BESCOM electricity bill Jan 2026 amount due Rs 1840"
    },
    {
      "name": "flipkart_2025_tv.txt",
      "ext": ".txt",
      "size_bytes": 51,
      "path": "Downloads\\flipkart_2025_tv.txt",
      "modified": "2026-05-31",
      "preview": "FLIPKART TAX INVOICE GSTIN 29ABC TV Total Rs 31999"
    },
    {
      "name": "IMG_20260601_165420.txt",
      "ext": ".txt",
      "size_bytes": 234,
      "path": "Downloads\\IMG_20260601_165420.txt",
      "modified": "2026-06-04",
      "preview": "Team standup notes - 2026-06-01\nSprint review: 8/10 stories completed this cycle.\nBlockers: CI pipeline latency affecting nightly builds.\nNext: Q3 feature planning kickoff on Thursday.\nAction: Alice to draft technical spec by Friday."
    },
    {
      "name": "old_notes_2023.txt",
      "ext": ".txt",
      "size_bytes": 4,
      "path": "Downloads\\old_notes_2023.txt",
      "modified": "2026-05-31",
      "preview": "old"
    },
    {
      "name": "untitled.txt",
      "ext": ".txt",
      "size_bytes": 2,
      "path": "Downloads\\untitled.txt",
      "modified": "2026-05-31",
      "preview": "x"
    },
    {
      "name": "swiggy_invoice_mar.txt",
      "ext": ".txt",
      "size_bytes": 44,
      "path": "Downloads\\bills\\swiggy_invoice_mar.txt",
      "modified": "2026-05-31",
      "preview": "SWIGGY Restaurant Truffles GST Total Rs 642"
    },
    {
      "name": "IMG_2098.txt",
      "ext": ".txt",
      "size_bytes": 10,
      "path": "Pictures\\IMG_2098.txt",
      "modified": "2026-05-31",
      "preview": "PHOTO-AAA"
    },
    {
      "name": "sunset.txt",
      "ext": ".txt",
      "size_bytes": 10,
      "path": "Pictures\\sunset.txt",
      "modified": "2026-05-31",
      "preview": "PHOTO-BBB"
    },
    {
      "name": "IMG_2098_copy.txt",
      "ext": ".txt",
      "size_bytes": 10,
      "path": "Pictures\\backup\\IMG_2098_copy.txt",
      "modified": "2026-05-31",
      "preview": "PHOTO-AAA"
    },
    {
      "name": "sunset_dup.txt",
      "ext": ".txt",
      "size_bytes": 10,
      "path": "Pictures\\backup\\sunset_dup.txt",
      "modified": "2026-05-31",
      "preview": "PHOTO-BBB"
    },
    {
      "name": "README.md",
      "ext": ".md",
      "size_bytes": 5,
      "path": "Projects\\EAGv3\\Session7\\README.md",
      "modified": "2026-05-31",
      "preview": "# s7"
    },
    {
      "name": "flow.py",
      "ext": ".py",
      "size_bytes": 12,
      "path": "Projects\\EAGv3\\Session7\\code\\flow.py",
      "modified": "2026-05-31",
      "preview": "print('s7')"
    },
    {
      "name": "README.md",
      "ext": ".md",
      "size_bytes": 5,
      "path": "Projects\\EAGv3\\Session8\\README.md",
      "modified": "2026-05-31",
      "preview": "# s8"
    },
    {
      "name": "flow.py",
      "ext": ".py",
      "size_bytes": 12,
      "path": "Projects\\EAGv3\\Session8\\code\\flow.py",
      "modified": "2026-05-31",
      "preview": "print('s8')"
    }
  ],
  "sensitive_candidates": [
    {
      "name": "Form16_FY2025.txt",
      "ext": ".txt",
      "size_bytes": 19,
      "path": "Documents\\Form16_FY2025.txt",
      "modified": "2026-05-31",
      "sensitive_candidate": true
    },
    {
      "name": "HDFC_statement_Jan2026.txt",
      "ext": ".txt",
      "size_bytes": 49,
      "path": "Documents\\HDFC_statement_Jan2026.txt",
      "modified": "2026-05-31",
      "sensitive_candidate": true
    },
    {
      "name": "PAN_card.txt",
      "ext": ".txt",
      "size_bytes": 14,
      "path": "Documents\\PAN_card.txt",
      "modified": "2026-05-31",
      "sensitive_candidate": true
    },
    {
      "name": "salary_slip_april2026.txt",
      "ext": ".txt",
      "size_bytes": 33,
      "path": "Documents\\salary_slip_april2026.txt",
      "modified": "2026-05-31",
      "sensitive_candidate": true
    }
  ],
  "duplicate_groups": [
    {
      "hash": "dc60fc3044c8",
      "paths": [
        "Pictures\\IMG_2098.txt",
        "Pictures\\backup\\IMG_2098_copy.txt"
      ],
      "count": 2
    },
    {
      "hash": "334953bab38c",
      "paths": [
        "Pictures\\sunset.txt",
        "Pictures\\backup\\sunset_dup.txt"
      ],
      "count": 2
    }
  ],
  "skipped_folders": [
    {
      "path": "Downloads\\SetupTool_v3_extracted",
      "reason": "installer-extract / build dir \u2014 recognised at folder level, not descended",
      "file_count": 4
    }
  ],
  "folder_summary": [
    {
      "path": "Documents",
      "file_count": 4,
      "exts": [
        ".txt"
      ],
      "distinct_ext_count": 1
    },
    {
      "path": "Downloads",
      "file_count": 7,
      "exts": [
        ".txt"
      ],
      "distinct_ext_count": 1
    },
    {
      "path": "Pictures",
      "file_count": 4,
      "exts": [
        ".txt"
      ],
      "distinct_ext_count": 1
    },
    {
      "path": "Projects",
      "file_count": 4,
      "exts": [
        ".md",
        ".py"
      ],
      "distinct_ext_count": 2
    }
  ]
}

══════════════════════════════════════════════════════════════════════════════
[memory.read] 8 hit(s) visible to every skill this run
[memory.remember] classifier failed (HTTPStatusError("Server error '503 Service Unavailable' for url 'http://localhost:8108/v1/chat'\nFor more information check: https://developer.mozilla.org/en-US/docs/Web/HTTP/Status/503")); falling back to fact-write
[n:1] planner            complete (5.4s)
[n:2] pattern_analyzer   complete (167.1s)
[n:3] sensitive_detector complete (185.6s)
[n:4] classifier         complete (5.6s)
[n:6] classifier         complete (25.5s)
[n:8] classifier         complete (81.2s)
[n:5] critic             complete (7.1s)
  ↪ critic-fail recovery: planner node n:11 for n:4
[n:7] critic             complete (5.0s)
[n:9] critic             complete (4.8s)
  ↪ critic-fail recovery: planner node n:12 for n:8
[n:11] planner            complete (14.8s)
[n:12] planner            complete (48.0s)
[n:13] sensitive_detector complete (29.5s)
[n:14] classifier         complete (88.6s)
[n:16] classifier         complete (29.8s)
[n:18] classifier         complete (418.1s)
[n:20] coder              complete (5.9s)
[n:21] pattern_analyzer   failed   (0.0s)  err=exception: ReadTimeout: timed out
  ↪ n:21 failed (transient, skill=pattern_analyzer): transient gateway error; gateway retry exhausted, not re-planning
[n:15] critic             complete (8.5s)
  ↪ critic-fail recovery: planner node n:24 for n:14
[n:17] critic             complete (8.8s)
[n:19] critic             complete (9.8s)
  ↪ critic-fail recovery: planner node n:25 for n:18
[n:23] sandbox_executor   failed   (0.0s)  err=no code in upstream coder output
  ↪ recovery (upstream_failure): planner node n:26 queued for n:23
[n:24] planner            complete (16.8s)
[n:25] planner            complete (54.4s)
[n:26] planner            complete (6.7s)
[n:27] sensitive_detector complete (7.5s)
[n:28] classifier         failed   (0.0s)  err=exception: ReadTimeout: timed out
  ↪ n:28 failed (transient, skill=classifier): transient gateway error; gateway retry exhausted, not re-planning
[n:30] classifier         complete (101.4s)
[n:32] classifier         complete (13.4s)
[n:34] pattern_analyzer   failed   (0.0s)  err=exception: ReadTimeout: timed out
  ↪ n:34 failed (transient, skill=pattern_analyzer): transient gateway error; gateway retry exhausted, not re-planning
[n:36] pattern_analyzer   complete (199.2s)
[n:37] sensitive_detector complete (194.0s)
[n:38] classifier         complete (12.8s)
[n:40] classifier         complete (23.5s)
[n:42] classifier         complete (9.3s)
[n:31] critic             complete (16.8s)
  ↪ critic-fail recovery: planner node n:45 for n:30
[n:33] critic             complete (26.7s)
[n:39] critic             complete (16.8s)
[n:41] critic             complete (157.7s)
[n:43] critic             complete (16.9s)
[n:44] formatter          complete (185.2s)
[n:45] planner            complete (6.8s)

══════════════════════════════════════════════════════════════════════════════
FINAL: ### Drive Organisation Diagnosis
- **Projects** – excellent hierarchy (session‑based folders, consistent naming, no duplicates). Score 92.
- **Documents** – good (all files are financial, uniformly placed). Score 85, but they are all sensitive and should be isolated.
- **Downloads** – mixed bag: invoices, notes, and a stray installer‑extract folder are all together; no sub‑folders by type or year.
- **Pictures** – contains only placeholder text files; two exact duplicates exist in a “backup” sub‑folder.
Overall the drive is small (19 files) but lacks a clear, consistent structure outside of Pr
══════════════════════════════════════════════════════════════════════════════

