[run_organiser] scanning C:\Raghu\MyLearnings\EAG_V3\S8-30052026\assignment\FileOrganiser_DAG\demo_messy_drive ...
[run_organiser] 18 files, 4 sensitive, 2 dup groups — handing to DAG


══════════════════════════════════════════════════════════════════════════════
session s8-b0dffdf2  ─  query: Analyse and organise this folder. Diagnose how well it is currently organised, classify each non-sensitive file batch (documents, photos, receipts) in parallel, flag any private/financial files from metadata only (never read their content), compute duplicate files and reclaimable space, and produce a phase-1 report with minimal/medium/best effort plans.

SCAN_RESULT:
{
  "root": "C:\\Raghu\\MyLearnings\\EAG_V3\\S8-30052026\\assignment\\FileOrganiser_DAG\\demo_messy_drive",
  "scanned_at": "2026-06-04 07:44:03",
  "scan_seconds": 0.01,
  "tier0_file_count": 18,
  "files": [
    {
      "name": "Form16_FY2025.txt",
      "ext": ".txt",
      "size_bytes": 19,
      "path": "Documents\\Form16_FY2025.txt",
      "modified": "2026-05-31",
      "sensitive_candidate": true
    },
    {
      "name": "HDFC_statement_Jan2026.txt",
      "ext": ".txt",
      "size_bytes": 49,
      "path": "Documents\\HDFC_statement_Jan2026.txt",
      "modified": "2026-05-31",
      "sensitive_candidate": true
    },
    {
      "name": "PAN_card.txt",
      "ext": ".txt",
      "size_bytes": 14,
      "path": "Documents\\PAN_card.txt",
      "modified": "2026-05-31",
      "sensitive_candidate": true
    },
    {
      "name": "salary_slip_april2026.txt",
      "ext": ".txt",
      "size_bytes": 33,
      "path": "Documents\\salary_slip_april2026.txt",
      "modified": "2026-05-31",
      "sensitive_candidate": true
    },
    {
      "name": "amazon_order_4471.txt",
      "ext": ".txt",
      "size_bytes": 61,
      "path": "Downloads\\amazon_order_4471.txt",
      "modified": "2026-05-31",
      "preview": "AMAZON TAX INVOICE Order 4471 USB cable GST 18% Total Rs 499"
    },
    {
      "name": "electricity_bill_jan.txt",
      "ext": ".txt",
      "size_bytes": 52,
      "path": "Downloads\\electricity_bill_jan.txt",
      "modified": "2026-05-31",
      "preview": "BESCOM electricity bill Jan 2026 amount due Rs 1840"
    },
    {
      "name": "flipkart_2025_tv.txt",
      "ext": ".txt",
      "size_bytes": 51,
      "path": "Downloads\\flipkart_2025_tv.txt",
      "modified": "2026-05-31",
      "preview": "FLIPKART TAX INVOICE GSTIN 29ABC TV Total Rs 31999"
    },
    {
      "name": "old_notes_2023.txt",
      "ext": ".txt",
      "size_bytes": 4,
      "path": "Downloads\\old_notes_2023.txt",
      "modified": "2026-05-31",
      "preview": "old"
    },
    {
      "name": "untitled.txt",
      "ext": ".txt",
      "size_bytes": 2,
      "path": "Downloads\\untitled.txt",
      "modified": "2026-05-31",
      "preview": "x"
    },
    {
      "name": "swiggy_invoice_mar.txt",
      "ext": ".txt",
      "size_bytes": 44,
      "path": "Downloads\\bills\\swiggy_invoice_mar.txt",
      "modified": "2026-05-31",
      "preview": "SWIGGY Restaurant Truffles GST Total Rs 642"
    },
    {
      "name": "IMG_2098.txt",
      "ext": ".txt",
      "size_bytes": 10,
      "path": "Pictures\\IMG_2098.txt",
      "modified": "2026-05-31",
      "preview": "PHOTO-AAA"
    },
    {
      "name": "sunset.txt",
      "ext": ".txt",
      "size_bytes": 10,
      "path": "Pictures\\sunset.txt",
      "modified": "2026-05-31",
      "preview": "PHOTO-BBB"
    },
    {
      "name": "IMG_2098_copy.txt",
      "ext": ".txt",
      "size_bytes": 10,
      "path": "Pictures\\backup\\IMG_2098_copy.txt",
      "modified": "2026-05-31",
      "preview": "PHOTO-AAA"
    },
    {
      "name": "sunset_dup.txt",
      "ext": ".txt",
      "size_bytes": 10,
      "path": "Pictures\\backup\\sunset_dup.txt",
      "modified": "2026-05-31",
      "preview": "PHOTO-BBB"
    },
    {
      "name": "README.md",
      "ext": ".md",
      "size_bytes": 5,
      "path": "Projects\\EAGv3\\Session7\\README.md",
      "modified": "2026-05-31",
      "preview": "# s7"
    },
    {
      "name": "flow.py",
      "ext": ".py",
      "size_bytes": 12,
      "path": "Projects\\EAGv3\\Session7\\code\\flow.py",
      "modified": "2026-05-31",
      "preview": "print('s7')"
    },
    {
      "name": "README.md",
      "ext": ".md",
      "size_bytes": 5,
      "path": "Projects\\EAGv3\\Session8\\README.md",
      "modified": "2026-05-31",
      "preview": "# s8"
    },
    {
      "name": "flow.py",
      "ext": ".py",
      "size_bytes": 12,
      "path": "Projects\\EAGv3\\Session8\\code\\flow.py",
      "modified": "2026-05-31",
      "preview": "print('s8')"
    }
  ],
  "sensitive_candidates": [
    {
      "name": "Form16_FY2025.txt",
      "ext": ".txt",
      "size_bytes": 19,
      "path": "Documents\\Form16_FY2025.txt",
      "modified": "2026-05-31",
      "sensitive_candidate": true
    },
    {
      "name": "HDFC_statement_Jan2026.txt",
      "ext": ".txt",
      "size_bytes": 49,
      "path": "Documents\\HDFC_statement_Jan2026.txt",
      "modified": "2026-05-31",
      "sensitive_candidate": true
    },
    {
      "name": "PAN_card.txt",
      "ext": ".txt",
      "size_bytes": 14,
      "path": "Documents\\PAN_card.txt",
      "modified": "2026-05-31",
      "sensitive_candidate": true
    },
    {
      "name": "salary_slip_april2026.txt",
      "ext": ".txt",
      "size_bytes": 33,
      "path": "Documents\\salary_slip_april2026.txt",
      "modified": "2026-05-31",
      "sensitive_candidate": true
    }
  ],
  "duplicate_groups": [
    {
      "hash": "dc60fc3044c8",
      "paths": [
        "Pictures\\IMG_2098.txt",
        "Pictures\\backup\\IMG_2098_copy.txt"
      ],
      "count": 2
    },
    {
      "hash": "334953bab38c",
      "paths": [
        "Pictures\\sunset.txt",
        "Pictures\\backup\\sunset_dup.txt"
      ],
      "count": 2
    }
  ],
  "skipped_folders": [
    {
      "path": "Downloads\\SetupTool_v3_extracted",
      "reason": "installer-extract / build dir \u2014 recognised at folder level, not descended",
      "file_count": 4
    }
  ],
  "folder_summary": [
    {
      "path": "Documents",
      "file_count": 4,
      "exts": [
        ".txt"
      ],
      "distinct_ext_count": 1
    },
    {
      "path": "Downloads",
      "file_count": 6,
      "exts": [
        ".txt"
      ],
      "distinct_ext_count": 1
    },
    {
      "path": "Pictures",
      "file_count": 4,
      "exts": [
        ".txt"
      ],
      "distinct_ext_count": 1
    },
    {
      "path": "Projects",
      "file_count": 4,
      "exts": [
        ".md",
        ".py"
      ],
      "distinct_ext_count": 2
    }
  ]
}

══════════════════════════════════════════════════════════════════════════════
[memory.read] 8 hit(s) visible to every skill this run
[n:1] planner            complete (5.3s)
[n:2] pattern_analyzer   complete (12.5s)
[n:3] sensitive_detector complete (185.8s)
[n:4] classifier         complete (204.8s)
[n:6] classifier         complete (16.0s)
[n:8] classifier         complete (66.2s)
[n:10] coder              complete (5.7s)
[n:5] critic             complete (8.2s)
  ↪ critic-fail recovery: planner node n:13 for n:4
[n:7] critic             complete (4.6s)
  ↪ critic-fail recovery: planner node n:14 for n:6
[n:9] critic             complete (4.6s)
  ↪ critic-fail recovery: planner node n:15 for n:8
[n:12] sandbox_executor   failed   (0.0s)  err=no code in upstream coder output
  ↪ recovery (upstream_failure): planner node n:16 queued for n:12
[n:13] planner            complete (17.8s)
[n:14] planner            complete (15.7s)
[n:15] planner            complete (6.6s)
[n:16] planner            complete (63.7s)
[n:17] sensitive_detector complete (186.1s)
[n:18] classifier         complete (20.2s)
[n:20] classifier         complete (107.5s)
[n:22] classifier         complete (6.2s)
[n:24] coder              complete (10.0s)
[n:26] classifier         complete (16.4s)
[n:19] critic             complete (4.6s)
[n:21] critic             complete (11.6s)
[n:23] critic             complete (4.1s)
  ↪ critic-fail recovery: planner node n:29 for n:22
[n:27] formatter          complete (185.3s)
[n:28] sandbox_executor   failed   (0.0s)  err=no code in upstream coder output
  ↪ recovery (upstream_failure): planner node n:30 queued for n:28
[n:29] planner            complete (6.4s)
[n:30] planner            complete (4.5s)
[n:31] pattern_analyzer   complete (15.4s)
[n:32] sensitive_detector complete (196.2s)
[n:33] classifier         complete (8.0s)
[n:35] classifier         failed   (0.0s)  err=exception: TypeError: pop expected at most 1 argument, got 2
  ↪ recovery (upstream_failure): planner node n:47 queued for n:35
[n:38] pattern_analyzer   complete (83.0s)
[n:39] classifier         complete (29.0s)
[n:41] classifier         failed   (0.0s)  err=exception: ReadTimeout: timed out
  ↪ n:41 failed (transient, skill=classifier): transient gateway error; gateway retry exhausted, not re-planning
[n:43] classifier         complete (199.3s)
[n:45] sensitive_detector complete (113.7s)
[n:34] critic             complete (15.5s)
[n:40] critic             complete (12.3s)
[n:44] critic             complete (11.0s)
  ↪ critic-fail recovery: planner node n:48 for n:43
[n:47] planner            complete (12.2s)
[n:48] planner            complete (8.6s)
[n:49] pattern_analyzer   complete (91.6s)
[n:50] classifier         complete (24.8s)
[n:52] classifier         complete (484.4s)
[n:54] classifier         complete (9.2s)
[n:56] sensitive_detector complete (191.4s)
[n:51] critic             complete (195.4s)
[n:53] critic             complete (12.9s)
  ↪ critic-fail recovery: planner node n:67 for n:52
[n:55] critic             complete (165.8s)
[n:58] pattern_analyzer   complete (109.7s)
[n:59] sensitive_detector complete (158.1s)
[n:60] classifier         complete (12.8s)
[n:62] classifier         complete (29.7s)
[n:64] classifier         complete (60.6s)
[n:61] critic             complete (6.9s)
[n:63] critic             complete (5.8s)
[n:65] critic             complete (8.4s)
[n:67] planner            complete (58.3s)
[n:66] formatter          complete (185.1s)

══════════════════════════════════════════════════════════════════════════════
FINAL: ### Phase‑1 Assessment of the demo_messy_drive (C:\\Raghu\\MyLearnings\\EAG_V3\\S8-30052026\\assignment\\FileOrganiser_DAG\\demo_messy_drive)

**1. Overall organisation diagnosis**
- The top‑level folders mix very different content types:
  - **Documents** – contains only tax/financial text files (all flagged as sensitive) and no sub‑folders to separate personal IDs, tax forms, payroll etc.
  - **Downloads** – holds a blend of receipts, generic notes and an untitled file, again without any categorisation.
  - **Pictures** – stores photos as plain *.txt* placeholders, plus duplicate copies in a
══════════════════════════════════════════════════════════════════════════════

